<?xml version="1.0" encoding="UTF-8"?>
<!-- Generated by org.testng.reporters.JUnitXMLReporter -->
<testsuite ignored="1" hostname="LAPTOP-Q3H0N5IM" failures="2" tests="4" name="PersonalLoan" time="0.093" errors="0" timestamp="2021-10-05T13:42:04 IST">
  <testcase classname="Test.day4" name="ApiLoginCarLoan" time="0.008"/>
  <testcase classname="Test.day1" name="Demo" time="0.01"/>
  <testcase classname="Test.day4" name="MobileLoginCarLoan4" time="0.0">
    <failure type="org.testng.TestNGException" message="
Parameter &amp;apos;Common URL&amp;apos; is required by @Test on method MobileLoginCarLoan4 but has not been marked @Optional or defined
in C:\Users\Hp\eclipse-workspace\TestNG_Tutorial\testng.xml">
      <![CDATA[org.testng.TestNGException: 
Parameter 'Common URL' is required by @Test on method MobileLoginCarLoan4 but has not been marked @Optional or defined
in C:\Users\Hp\eclipse-workspace\TestNG_Tutorial\testng.xml
at java.base/java.util.concurrent.ThreadPoolExecutor.runWorker(ThreadPoolExecutor.java:1130)
at java.base/java.util.concurrent.ThreadPoolExecutor$Worker.run(ThreadPoolExecutor.java:630)
at java.base/java.lang.Thread.run(Thread.java:832)
... Removed 11 stack frames]]>
    </failure>
  </testcase> <!-- MobileLoginCarLoan4 -->
  <testcase classname="Test.day4" name="WebLoginHomeLoan" time="0.006">
    <failure type="java.lang.AssertionError" message="expected [true] but found [false]">
      <![CDATA[java.lang.AssertionError: expected [true] but found [false]
at Test.day4.WebLoginHomeLoan(day4.java:14)
at java.base/java.util.concurrent.ThreadPoolExecutor.runWorker(ThreadPoolExecutor.java:1130)
at java.base/java.util.concurrent.ThreadPoolExecutor$Worker.run(ThreadPoolExecutor.java:630)
at java.base/java.lang.Thread.run(Thread.java:832)
... Removed 16 stack frames]]>
    </failure>
  </testcase> <!-- WebLoginHomeLoan -->
  <testcase classname="Test.day1" name="SecondTestCase" time="0.0">
    <ignored/>
  </testcase> <!-- SecondTestCase -->
</testsuite> <!-- PersonalLoan -->
